<?xml version="1.0" encoding="utf-8"?><testsuites name="pytest tests"><testsuite name="pytest" errors="0" failures="2" skipped="0" tests="20" time="9.028" timestamp="2026-01-21T22:59:41.696630+08:00" hostname="xupc"><testcase classname="tests.test_search_framework_v7220.TestSearchTarget" name="test_search_target_creation" time="0.001" /><testcase classname="tests.test_search_framework_v7220.TestSearchTarget" name="test_search_target_is_complete" time="0.001" /><testcase classname="tests.test_search_framework_v7220.TestSearchTarget" name="test_search_target_mark_complete" time="0.000" /><testcase classname="tests.test_search_framework_v7220.TestSearchTarget" name="test_search_target_add_info" time="0.000" /><testcase classname="tests.test_search_framework_v7220.TestSearchFramework" name="test_search_framework_creation" time="0.001" /><testcase classname="tests.test_search_framework_v7220.TestSearchFramework" name="test_search_framework_add_targets" time="0.001" /><testcase classname="tests.test_search_framework_v7220.TestSearchFramework" name="test_search_framework_get_next_target" time="0.000" /><testcase classname="tests.test_search_framework_v7220.TestSearchFramework" name="test_search_framework_get_target_by_id" time="0.000" /><testcase classname="tests.test_search_framework_v7220.TestSearchFramework" name="test_search_framework_update_completeness" time="0.001" /><testcase classname="tests.test_search_framework_v7220.TestSearchFramework" name="test_search_framework_l1_l5_fields" time="0.000" /><testcase classname="tests.test_search_framework_v7220.TestUcpptSearchEngineIntegration" name="test_build_simple_search_framework" time="0.924" /><testcase classname="tests.test_search_framework_v7220.TestUcpptSearchEngineIntegration" name="test_build_unified_analysis_prompt" time="0.480" /><testcase classname="tests.test_search_framework_v7220.TestUcpptSearchEngineIntegration" name="test_build_search_framework_from_json" time="0.474" /><testcase classname="tests.test_search_framework_v7220.TestUcpptSearchEngineIntegration" name="test_build_search_framework_from_json_minimal" time="0.475" /><testcase classname="tests.test_search_framework_v7220.TestSearchDeepE2E" name="test_search_deep_with_simple_framework" time="0.474"><failure message="AssertionError: assert 'question_analyzed' in ['phase', 'analysis_progress', 'phase', 'error']">E   AssertionError: assert 'question_analyzed' in ['phase', 'analysis_progress', 'phase', 'error']</failure></testcase><testcase classname="tests.test_search_framework_v7220.TestSearchDeepE2E" name="test_search_deep_framework_integration" time="0.475"><failure message="assert None is not None">E   assert None is not None</failure></testcase><testcase classname="tests.test_search_framework_v7220.TestRegressionTests" name="test_old_data_structures_still_exist" time="0.474" /><testcase classname="tests.test_search_framework_v7220.TestRegressionTests" name="test_simple_framework_fallback" time="0.472" /><testcase classname="tests.test_search_framework_v7220.TestPerformance" name="test_search_target_creation_performance" time="0.005" /><testcase classname="tests.test_search_framework_v7220.TestPerformance" name="test_search_framework_update_completeness_performance" time="0.002" /></testsuite></testsuites>
